This is XeTeX, Version 3.141592653-2.6-0.999997 (MiKTeX 25.3) (preloaded format=xelatex 2025.4.10)  2 MAR 2026 03:15
entering extended mode
 restricted \write18 enabled.
 %&-line parsing enabled.
**./body_only.tex
(body_only.tex
LaTeX2e <2024-11-01> patch level 2
L3 programming layer <2025-01-18>
(C:\Program Files\MiKTeX\tex/latex/base\report.cls
Document Class: report 2024/06/29 v1.4n Standard LaTeX document class
(C:\Program Files\MiKTeX\tex/latex/base\size12.clo
File: size12.clo 2024/06/29 v1.4n Standard LaTeX file (size option)
)
\c@part=\count192
\c@chapter=\count193
\c@section=\count194
\c@subsection=\count195
\c@subsubsection=\count196
\c@paragraph=\count197
\c@subparagraph=\count198
\c@figure=\count199
\c@table=\count266
\abovecaptionskip=\skip49
\belowcaptionskip=\skip50
\bibindent=\dimen141
)
(C:\Program Files\MiKTeX\tex/latex/geometry\geometry.sty
Package: geometry 2020/01/02 v5.9 Page Geometry

(C:\Program Files\MiKTeX\tex/latex/graphics\keyval.sty
Package: keyval 2022/05/29 v1.15 key=value parser (DPC)
\KV@toks@=\toks17
)
(C:\Program Files\MiKTeX\tex/generic/iftex\ifvtex.sty
Package: ifvtex 2019/10/25 v1.7 ifvtex legacy package. Use iftex instead.

(C:\Program Files\MiKTeX\tex/generic/iftex\iftex.sty
Package: iftex 2024/12/12 v1.0g TeX engine tests
))
\Gm@cnth=\count267
\Gm@cntv=\count268
\c@Gm@tempcnt=\count269
\Gm@bindingoffset=\dimen142
\Gm@wd@mp=\dimen143
\Gm@odd@mp=\dimen144
\Gm@even@mp=\dimen145
\Gm@layoutwidth=\dimen146
\Gm@layoutheight=\dimen147
\Gm@layouthoffset=\dimen148
\Gm@layoutvoffset=\dimen149
\Gm@dimlist=\toks18

(C:\Program Files\MiKTeX\tex/latex/geometry\geometry.cfg))
(C:\Program Files\MiKTeX\tex/latex/setspace\setspace.sty
Package: setspace 2022/12/04 v6.7b set line spacing
)
(C:\Program Files\MiKTeX\tex/latex/hyperref\hyperref.sty
Package: hyperref 2024-11-05 v7.01l Hypertext links for LaTeX

(C:\Program Files\MiKTeX\tex/latex/kvsetkeys\kvsetkeys.sty
Package: kvsetkeys 2022-10-05 v1.19 Key value parser (HO)
)
(C:\Program Files\MiKTeX\tex/generic/kvdefinekeys\kvdefinekeys.sty
Package: kvdefinekeys 2019-12-19 v1.6 Define keys (HO)
)
(C:\Program Files\MiKTeX\tex/generic/pdfescape\pdfescape.sty
Package: pdfescape 2019/12/09 v1.15 Implements pdfTeX's escape features (HO)

(C:\Program Files\MiKTeX\tex/generic/ltxcmds\ltxcmds.sty
Package: ltxcmds 2023-12-04 v1.26 LaTeX kernel commands for general use (HO)
)
(C:\Program Files\MiKTeX\tex/generic/pdftexcmds\pdftexcmds.sty
Package: pdftexcmds 2020-06-27 v0.33 Utility functions of pdfTeX for LuaTeX (HO
)

(C:\Program Files\MiKTeX\tex/generic/infwarerr\infwarerr.sty
Package: infwarerr 2019/12/03 v1.5 Providing info/warning/error messages (HO)
)
Package pdftexcmds Info: \pdf@primitive is available.
Package pdftexcmds Info: \pdf@ifprimitive is available.
Package pdftexcmds Info: \pdfdraftmode not found.
))
(C:\Program Files\MiKTeX\tex/latex/hycolor\hycolor.sty
Package: hycolor 2020-01-27 v1.10 Color options for hyperref/bookmark (HO)
)
(C:\Program Files\MiKTeX\tex/latex/hyperref\nameref.sty
Package: nameref 2023-11-26 v2.56 Cross-referencing by name of section

(C:\Program Files\MiKTeX\tex/latex/refcount\refcount.sty
Package: refcount 2019/12/15 v3.6 Data extraction from label references (HO)
)
(C:\Program Files\MiKTeX\tex/generic/gettitlestring\gettitlestring.sty
Package: gettitlestring 2019/12/15 v1.6 Cleanup title references (HO)

(C:\Program Files\MiKTeX\tex/latex/kvoptions\kvoptions.sty
Package: kvoptions 2022-06-15 v3.15 Key value format for package options (HO)
))
\c@section@level=\count270
)
(C:\Program Files\MiKTeX\tex/latex/etoolbox\etoolbox.sty
Package: etoolbox 2025/02/11 v2.5l e-TeX tools for LaTeX (JAW)
\etb@tempcnta=\count271
)
(C:\Program Files\MiKTeX\tex/generic/stringenc\stringenc.sty
Package: stringenc 2019/11/29 v1.12 Convert strings between diff. encodings (HO
)
)
\@linkdim=\dimen150
\Hy@linkcounter=\count272
\Hy@pagecounter=\count273

(C:\Program Files\MiKTeX\tex/latex/hyperref\pd1enc.def
File: pd1enc.def 2024-11-05 v7.01l Hyperref: PDFDocEncoding definition (HO)
)
(C:\Program Files\MiKTeX\tex/generic/intcalc\intcalc.sty
Package: intcalc 2019/12/15 v1.3 Expandable calculations with integers (HO)
)
\Hy@SavedSpaceFactor=\count274

(C:\Program Files\MiKTeX\tex/latex/hyperref\puenc.def
File: puenc.def 2024-11-05 v7.01l Hyperref: PDF Unicode definition (HO)
)
Package hyperref Info: Hyper figures OFF on input line 4157.
Package hyperref Info: Link nesting OFF on input line 4162.
Package hyperref Info: Hyper index ON on input line 4165.
Package hyperref Info: Plain pages OFF on input line 4172.
Package hyperref Info: Backreferencing OFF on input line 4177.
Package hyperref Info: Implicit mode ON; LaTeX internals redefined.
Package hyperref Info: Bookmarks ON on input line 4424.
\c@Hy@tempcnt=\count275

(C:\Program Files\MiKTeX\tex/latex/url\url.sty
\Urlmuskip=\muskip17
Package: url 2013/09/16  ver 3.4  Verb mode for urls, etc.
)
LaTeX Info: Redefining \url on input line 4763.
\XeTeXLinkMargin=\dimen151

(C:\Program Files\MiKTeX\tex/generic/bitset\bitset.sty
Package: bitset 2019/12/09 v1.3 Handle bit-vector datatype (HO)

(C:\Program Files\MiKTeX\tex/generic/bigintcalc\bigintcalc.sty
Package: bigintcalc 2019/12/15 v1.5 Expandable calculations on big integers (HO
)
))
\Fld@menulength=\count276
\Field@Width=\dimen152
\Fld@charsize=\dimen153
Package hyperref Info: Hyper figures OFF on input line 6042.
Package hyperref Info: Link nesting OFF on input line 6047.
Package hyperref Info: Hyper index ON on input line 6050.
Package hyperref Info: backreferencing OFF on input line 6057.
Package hyperref Info: Link coloring OFF on input line 6062.
Package hyperref Info: Link coloring with OCG OFF on input line 6067.
Package hyperref Info: PDF/A mode OFF on input line 6072.

(C:\Program Files\MiKTeX\tex/latex/base\atbegshi-ltx.sty
Package: atbegshi-ltx 2021/01/10 v1.0c Emulation of the original atbegshi
package with kernel methods
)
\Hy@abspage=\count277
\c@Item=\count278
\c@Hfootnote=\count279
)
Package hyperref Info: Driver (autodetected): hxetex.

(C:\Program Files\MiKTeX\tex/latex/hyperref\hxetex.def
File: hxetex.def 2024-11-05 v7.01l Hyperref driver for XeTeX
\pdfm@box=\box52
\c@Hy@AnnotLevel=\count280
\HyField@AnnotCount=\count281
\Fld@listcount=\count282
\c@bookmark@seq@number=\count283

(C:\Program Files\MiKTeX\tex/latex/rerunfilecheck\rerunfilecheck.sty
Package: rerunfilecheck 2022-07-10 v1.10 Rerun checks for auxiliary files (HO)

(C:\Program Files\MiKTeX\tex/latex/base\atveryend-ltx.sty
Package: atveryend-ltx 2020/08/19 v1.0a Emulation of the original atveryend pac
kage
with kernel methods
)
(C:\Program Files\MiKTeX\tex/generic/uniquecounter\uniquecounter.sty
Package: uniquecounter 2019/12/15 v1.4 Provide unlimited unique counter (HO)
)
Package uniquecounter Info: New unique counter `rerunfilecheck' on input line 2
85.
)
\Hy@SectionHShift=\skip51
)
(C:\Program Files\MiKTeX\tex/latex/base\fontenc.sty
Package: fontenc 2021/04/29 v2.0v Standard LaTeX package
LaTeX Font Info:    Trying to load font information for T1+lmr on input line 11
6.

(C:\Program Files\MiKTeX\tex/latex/lm\t1lmr.fd
File: t1lmr.fd 2015/05/01 v1.6.1 Font defs for Latin Modern
))
(C:\Program Files\MiKTeX\tex/latex/lm\lmodern.sty
Package: lmodern 2015/05/01 v1.6.1 Latin Modern Fonts
LaTeX Font Info:    Overwriting symbol font `operators' in version `normal'
(Font)                  OT1/cmr/m/n --> OT1/lmr/m/n on input line 22.
LaTeX Font Info:    Overwriting symbol font `letters' in version `normal'
(Font)                  OML/cmm/m/it --> OML/lmm/m/it on input line 23.
LaTeX Font Info:    Overwriting symbol font `symbols' in version `normal'
(Font)                  OMS/cmsy/m/n --> OMS/lmsy/m/n on input line 24.
LaTeX Font Info:    Overwriting symbol font `largesymbols' in version `normal'
(Font)                  OMX/cmex/m/n --> OMX/lmex/m/n on input line 25.
LaTeX Font Info:    Overwriting symbol font `operators' in version `bold'
(Font)                  OT1/cmr/bx/n --> OT1/lmr/bx/n on input line 26.
LaTeX Font Info:    Overwriting symbol font `letters' in version `bold'
(Font)                  OML/cmm/b/it --> OML/lmm/b/it on input line 27.
LaTeX Font Info:    Overwriting symbol font `symbols' in version `bold'
(Font)                  OMS/cmsy/b/n --> OMS/lmsy/b/n on input line 28.
LaTeX Font Info:    Overwriting symbol font `largesymbols' in version `bold'
(Font)                  OMX/cmex/m/n --> OMX/lmex/m/n on input line 29.
LaTeX Font Info:    Overwriting math alphabet `\mathbf' in version `normal'
(Font)                  OT1/cmr/bx/n --> OT1/lmr/bx/n on input line 31.
LaTeX Font Info:    Overwriting math alphabet `\mathsf' in version `normal'
(Font)                  OT1/cmss/m/n --> OT1/lmss/m/n on input line 32.
LaTeX Font Info:    Overwriting math alphabet `\mathit' in version `normal'
(Font)                  OT1/cmr/m/it --> OT1/lmr/m/it on input line 33.
LaTeX Font Info:    Overwriting math alphabet `\mathtt' in version `normal'
(Font)                  OT1/cmtt/m/n --> OT1/lmtt/m/n on input line 34.
LaTeX Font Info:    Overwriting math alphabet `\mathbf' in version `bold'
(Font)                  OT1/cmr/bx/n --> OT1/lmr/bx/n on input line 35.
LaTeX Font Info:    Overwriting math alphabet `\mathsf' in version `bold'
(Font)                  OT1/cmss/bx/n --> OT1/lmss/bx/n on input line 36.
LaTeX Font Info:    Overwriting math alphabet `\mathit' in version `bold'
(Font)                  OT1/cmr/bx/it --> OT1/lmr/bx/it on input line 37.
LaTeX Font Info:    Overwriting math alphabet `\mathtt' in version `bold'
(Font)                  OT1/cmtt/m/n --> OT1/lmtt/m/n on input line 38.
)
(C:\Program Files\MiKTeX\tex/latex/booktabs\booktabs.sty
Package: booktabs 2020/01/12 v1.61803398 Publication quality tables
\heavyrulewidth=\dimen154
\lightrulewidth=\dimen155
\cmidrulewidth=\dimen156
\belowrulesep=\dimen157
\belowbottomsep=\dimen158
\aboverulesep=\dimen159
\abovetopsep=\dimen160
\cmidrulesep=\dimen161
\cmidrulekern=\dimen162
\defaultaddspace=\dimen163
\@cmidla=\count284
\@cmidlb=\count285
\@aboverulesep=\dimen164
\@belowrulesep=\dimen165
\@thisruleclass=\count286
\@lastruleclass=\count287
\@thisrulewidth=\dimen166
)
(C:\Program Files\MiKTeX\tex/latex/tools\longtable.sty
Package: longtable 2024-10-27 v4.22 Multi-page Table package (DPC)
\LTleft=\skip52
\LTright=\skip53
\LTpre=\skip54
\LTpost=\skip55
\LTchunksize=\count288
\LTcapwidth=\dimen167
\LT@head=\box53
\LT@firsthead=\box54
\LT@foot=\box55
\LT@lastfoot=\box56
\LT@gbox=\box57
\LT@cols=\count289
\LT@rows=\count290
\c@LT@tables=\count291
\c@LT@chunks=\count292
\LT@p@ftn=\toks19
)
(C:\Program Files\MiKTeX\tex/latex/tools\array.sty
Package: array 2024/10/17 v2.6g Tabular extension package (FMi)
\col@sep=\dimen168
\ar@mcellbox=\box58
\extrarowheight=\dimen169
\NC@list=\toks20
\extratabsurround=\skip56
\backup@length=\skip57
\ar@cellbox=\box59
)
(C:\Program Files\MiKTeX\tex/latex/l3backend\l3backend-xetex.def
File: l3backend-xetex.def 2024-05-08 L3 backend support: XeTeX
\g__graphics_track_int=\count293
\l__pdf_internal_box=\box60
\g__pdf_backend_annotation_int=\count294
\g__pdf_backend_link_int=\count295
)
(body_only.aux)
\openout1 = `body_only.aux'.

LaTeX Font Info:    Checking defaults for OML/cmm/m/it on input line 12.
LaTeX Font Info:    ... okay on input line 12.
LaTeX Font Info:    Checking defaults for OMS/cmsy/m/n on input line 12.
LaTeX Font Info:    ... okay on input line 12.
LaTeX Font Info:    Checking defaults for OT1/cmr/m/n on input line 12.
LaTeX Font Info:    ... okay on input line 12.
LaTeX Font Info:    Checking defaults for T1/cmr/m/n on input line 12.
LaTeX Font Info:    ... okay on input line 12.
LaTeX Font Info:    Checking defaults for TS1/cmr/m/n on input line 12.
LaTeX Font Info:    ... okay on input line 12.
LaTeX Font Info:    Checking defaults for TU/lmr/m/n on input line 12.
LaTeX Font Info:    ... okay on input line 12.
LaTeX Font Info:    Checking defaults for OMX/cmex/m/n on input line 12.
LaTeX Font Info:    ... okay on input line 12.
LaTeX Font Info:    Checking defaults for U/cmr/m/n on input line 12.
LaTeX Font Info:    ... okay on input line 12.
LaTeX Font Info:    Checking defaults for PD1/pdf/m/n on input line 12.
LaTeX Font Info:    ... okay on input line 12.
LaTeX Font Info:    Checking defaults for PU/pdf/m/n on input line 12.
LaTeX Font Info:    ... okay on input line 12.

*geometry* driver: auto-detecting
*geometry* detected driver: xetex
*geometry* verbose mode - [ preamble ] result:
* driver: xetex
* paper: <default>
* layout: <same size as paper>
* layoutoffset:(h,v)=(0.0pt,0.0pt)
* modes: 
* h-part:(L,W,R)=(72.26999pt, 469.75502pt, 72.26999pt)
* v-part:(T,H,B)=(72.26999pt, 650.43001pt, 72.26999pt)
* \paperwidth=614.295pt
* \paperheight=794.96999pt
* \textwidth=469.75502pt
* \textheight=650.43001pt
* \oddsidemargin=0.0pt
* \evensidemargin=0.0pt
* \topmargin=-37.0pt
* \headheight=12.0pt
* \headsep=25.0pt
* \topskip=12.0pt
* \footskip=30.0pt
* \marginparwidth=44.0pt
* \marginparsep=10.0pt
* \columnsep=10.0pt
* \skip\footins=10.8pt plus 4.0pt minus 2.0pt
* \hoffset=0.0pt
* \voffset=0.0pt
* \mag=1000
* \@twocolumnfalse
* \@twosidefalse
* \@mparswitchfalse
* \@reversemarginfalse
* (1in=72.27pt=25.4mm, 1cm=28.453pt)

Package hyperref Info: Link coloring OFF on input line 12.
(body_only.out) (body_only.out)
\@outlinefile=\write3
\openout3 = `body_only.out'.

 (body.tex
Chapter 1.


[1


]
Chapter 2.

Underfull \hbox (badness 1721) in paragraph at lines 13--13
[]|\T1/lmr/bx/n/10.95 Key de-tails used in
 []


Underfull \hbox (badness 1721) in paragraph at lines 17--17
[]|\T1/lmr/bx/n/10.95 Key de-tails used in
 []


Underfull \hbox (badness 2717) in paragraph at lines 27--27
[]|\T1/lmr/m/n/10.95 Nguyen et al.
 []


Underfull \hbox (badness 1163) in paragraph at lines 28--28
\T1/lmr/m/n/10.95 a CFD-backed meta-
 []


Underfull \hbox (badness 2057) in paragraph at lines 29--29
\T1/lmr/m/n/10.95 used to avoid CFD-in-
 []


Underfull \hbox (badness 2452) in paragraph at lines 30--31
\T1/lmr/m/n/10.95 copy or in-sti-tu-tional
 []


Underfull \hbox (badness 10000) in paragraph at lines 32--32
[]|\T1/lmr/m/n/10.95 Vegh et al.
 []


Underfull \hbox (badness 10000) in paragraph at lines 33--33
\T1/lmr/m/n/10.95 with sweeps and
 []


Underfull \hbox (badness 3471) in paragraph at lines 34--34
\T1/lmr/m/n/10.95 (2233 lb vs 2086 lb);
 []


Underfull \hbox (badness 10000) in paragraph at lines 34--34
\T1/lmr/m/n/10.95 wingspan sweep trend
 []


Underfull \hbox (badness 6493) in paragraph at lines 34--34
\T1/lmr/m/n/10.95 dis-agree-ment at-tributed
 []


Underfull \hbox (badness 1466) in paragraph at lines 34--34
\T1/lmr/m/n/10.95 to drag; op-ti-mized de-
 []


Underfull \hbox (badness 10000) in paragraph at lines 37--37
[]|\T1/lmr/m/n/10.95 Deperrois
 []


Underfull \hbox (badness 10000) in paragraph at lines 38--38
[]|\T1/lmr/m/n/10.95 XFLR5 guide-lines
 []


Underfull \hbox (badness 10000) in paragraph at lines 38--38
\T1/lmr/m/n/10.95 de-scrib-ing scope,
 []


Underfull \hbox (badness 10000) in paragraph at lines 38--38
\T1/lmr/m/n/10.95 as-sump-tions, and
 []


Underfull \hbox (badness 5954) in paragraph at lines 38--38
\T1/lmr/m/n/10.95 nu-mer-i-cal setup ex-
 []


Underfull \hbox (badness 10000) in paragraph at lines 39--39
\T1/lmr/m/n/10.95 mesh/panel re-fine-ment
 []


Underfull \hbox (badness 10000) in paragraph at lines 43--43
[]|\T1/lmr/m/n/10.95 Potential-flow solver
 []


Underfull \hbox (badness 10000) in paragraph at lines 43--43
\T1/lmr/m/n/10.95 com-par-i-son on T-
 []


Underfull \hbox (badness 5105) in paragraph at lines 43--43
\T1/lmr/m/n/10.95 FLEX UAV against
 []


Underfull \hbox (badness 10000) in paragraph at lines 43--43
\T1/lmr/m/n/10.95 STAR-CCM+ Eu-
 []

LaTeX Font Info:    Trying to load font information for OT1+lmr on input line 4
4.
(C:\Program Files\MiKTeX\tex/latex/lm\ot1lmr.fd
File: ot1lmr.fd 2015/05/01 v1.6.1 Font defs for Latin Modern
)
LaTeX Font Info:    Trying to load font information for OML+lmm on input line 4
4.

(C:\Program Files\MiKTeX\tex/latex/lm\omllmm.fd
File: omllmm.fd 2015/05/01 v1.6.1 Font defs for Latin Modern
)
LaTeX Font Info:    Trying to load font information for OMS+lmsy on input line 
44.

(C:\Program Files\MiKTeX\tex/latex/lm\omslmsy.fd
File: omslmsy.fd 2015/05/01 v1.6.1 Font defs for Latin Modern
)
LaTeX Font Info:    Trying to load font information for OMX+lmex on input line 
44.

(C:\Program Files\MiKTeX\tex/latex/lm\omxlmex.fd
File: omxlmex.fd 2015/05/01 v1.6.1 Font defs for Latin Modern
)
LaTeX Font Info:    External font `lmex10' loaded for size
(Font)              <10.95> on input line 44.
LaTeX Font Info:    External font `lmex10' loaded for size
(Font)              <8> on input line 44.
LaTeX Font Info:    External font `lmex10' loaded for size
(Font)              <6> on input line 44.

Underfull \hbox (badness 10000) in paragraph at lines 44--44
[]|\T1/lmr/m/n/10.95 RANS uses Spalart-
 []


Underfull \hbox (badness 10000) in paragraph at lines 44--44
\T1/lmr/m/n/10.95 Allmaras; CFD mesh
 []


Underfull \hbox (badness 10000) in paragraph at lines 44--44
\T1/lmr/m/n/10.95 study 0.9--22M cells
 []


Underfull \hbox (badness 10000) in paragraph at lines 44--44
\T1/lmr/m/n/10.95 (12.3M cho-sen);
 []


Underfull \hbox (badness 10000) in paragraph at lines 44--44
\T1/lmr/m/n/10.95 potential-flow con-ver-
 []


Underfull \hbox (badness 1052) in paragraph at lines 44--44
\T1/lmr/m/n/10.95 in-duced drag ex-trac-tion
 []


Underfull \hbox (badness 10000) in paragraph at lines 45--46
[]|\T1/lmr/m/n/10.95 Public PDF (ICAS
 []


Underfull \hbox (badness 10000) in paragraph at lines 47--47
[]|\T1/lmr/m/n/10.95 Rosas-Cordova
 []


Underfull \hbox (badness 1472) in paragraph at lines 48--48
[]|\T1/lmr/m/n/10.95 VSPAERO val-i-da-tion
 []


Underfull \hbox (badness 10000) in paragraph at lines 49--49
[]|\T1/lmr/m/n/10.95 Spanwise tes-sel-la-tion
 []


Underfull \hbox (badness 2635) in paragraph at lines 49--49
\T1/lmr/m/n/10.95 om-mends span-wise tes-
 []


Underfull \hbox (badness 10000) in paragraph at lines 49--49
\T1/lmr/m/n/10.95 re-ports lift-curve-slope
 []


Underfull \hbox (badness 1509) in paragraph at lines 49--49
\T1/lmr/m/n/10.95 6.19% at AR=4); pro-
 []


Underfull \hbox (badness 10000) in paragraph at lines 49--49
\T1/lmr/m/n/10.95 vides a rec-om-mended
 []


Underfull \hbox (badness 10000) in paragraph at lines 49--49
\T1/lmr/m/n/10.95 tes-sel-la-tion pa-ram-e-ter
 []


Underfull \hbox (badness 2158) in paragraph at lines 49--49
\T1/lmr/m/n/10.95 set and stated va-lid-ity
 []


Underfull \hbox (badness 10000) in paragraph at lines 52--52
[]|\T1/lmr/m/n/10.95 Zhang et al.
 []


Underfull \hbox (badness 10000) in paragraph at lines 54--54
\T1/lmr/m/n/10.95 per-for-mance penalty
 []


Underfull \hbox (badness 4378) in paragraph at lines 54--54
\T1/lmr/m/n/10.95 and ex-am-ple sta-bi-lized
 []


Underfull \hbox (badness 8132) in paragraph at lines 57--57
[]|\T1/lmr/m/n/10.95 Sharpe (2021)
 []


Underfull \hbox (badness 10000) in paragraph at lines 58--58
[]|\T1/lmr/m/n/10.95 AeroSandbox the-sis:
 []


Underfull \hbox (badness 1789) in paragraph at lines 58--58
\T1/lmr/m/n/10.95 dif-fer-en-tiable anal-y-sis
 []


Underfull \hbox (badness 10000) in paragraph at lines 59--59
[]|\T1/lmr/m/n/10.95 Discussion of ``glass-
 []


Underfull \hbox (badness 10000) in paragraph at lines 59--59
\T1/lmr/m/n/10.95 IPOPT; fram-ing of
 []


Underfull \hbox (badness 10000) in paragraph at lines 59--59
\T1/lmr/m/n/10.95 SAND-style for-mu-la-
 []


Underfull \hbox (badness 10000) in paragraph at lines 59--59
\T1/lmr/m/n/10.95 anal-y-sis func-tions for
 []


Underfull \hbox (badness 6876) in paragraph at lines 60--61
\T1/lmr/m/n/10.95 need man-ual down-
 []


Underfull \hbox (badness 10000) in paragraph at lines 63--63
[]|\T1/lmr/m/n/10.95 Generic Thevenin-
 []


Underfull \hbox (badness 6758) in paragraph at lines 63--63
\T1/lmr/m/n/10.95 style bat-tery model
 []


Underfull \hbox (badness 4254) in paragraph at lines 63--63
\T1/lmr/m/n/10.95 for dy-namic sim-u-la-
 []


Underfull \hbox (badness 3428) in paragraph at lines 63--63
\T1/lmr/m/n/10.95 tion with pa-ram-e-ter
 []


Underfull \hbox (badness 10000) in paragraph at lines 63--63
\T1/lmr/m/n/10.95 iden-ti-fi-ca-tion from
 []


Underfull \hbox (badness 10000) in paragraph at lines 64--64
[]|\T1/lmr/m/n/10.95 Terminal-voltage model
 []


Underfull \hbox (badness 2027) in paragraph at lines 64--64
\T1/lmr/m/n/10.95 struc-ture (OCV + po-
 []


Underfull \hbox (badness 7944) in paragraph at lines 64--64
\T1/lmr/m/n/10.95 zone + ohmic drop);
 []


Underfull \hbox (badness 2197) in paragraph at lines 64--64
\T1/lmr/m/n/10.95 tere-sis, no tem-per-a-ture
 []


Underfull \hbox (badness 10000) in paragraph at lines 65--66
[]|\T1/lmr/m/n/10.95 IEEE pa-per (of-ten
 []


Underfull \hbox (badness 7667) in paragraph at lines 67--67
[]|\T1/lmr/m/n/10.95 Berndt (2009)
 []


Underfull \hbox (badness 10000) in paragraph at lines 70--71
[]|\T1/lmr/m/n/10.95 AIAA pa-per (of-ten
 []


Underfull \hbox (badness 10000) in paragraph at lines 72--72
[]|\T1/lmr/m/n/10.95 Bruhn; Niu;
 []


Underfull \hbox (badness 10000) in paragraph at lines 72--72
\T1/lmr/m/n/10.95 NASA SP-
 []


Underfull \hbox (badness 10000) in paragraph at lines 72--72
\T1/lmr/m/n/10.95 8007; Tim-
 []


Underfull \hbox (badness 10000) in paragraph at lines 72--72
\T1/lmr/m/n/10.95 o-shenko
 []


Underfull \hbox (badness 10000) in paragraph at lines 72--72
\T1/lmr/m/n/10.95 and Gere
 []


Underfull \hbox (badness 10000) in paragraph at lines 73--73
[]|\T1/lmr/m/n/10.95 Standard ref-er-ences
 []


Underfull \hbox (badness 10000) in paragraph at lines 73--73
\T1/lmr/m/n/10.95 siz-ing and buck-ling
 []


Underfull \hbox (badness 5711) in paragraph at lines 74--74
[]|\T1/lmr/m/n/10.95 Used to mo-ti-vate the
 []


Underfull \hbox (badness 6001) in paragraph at lines 74--74
\T1/lmr/m/n/10.95 tural out-puts: stress,
 []


Underfull \hbox (badness 10000) in paragraph at lines 74--74
\T1/lmr/m/n/10.95 de-flec-tion, tor-sion,
 []


Underfull \hbox (badness 10000) in paragraph at lines 74--74
\T1/lmr/m/n/10.95 panel buck-ling, col-
 []


Underfull \hbox (badness 10000) in paragraph at lines 75--76
\T1/lmr/m/n/10.95 and NASA re-port
 []

[2

] [3]

[4]
Chapter 3.


[5

]

[6]

[7]
Chapter 4.


[8

]
LaTeX Font Info:    External font `lmex10' loaded for size
(Font)              <12> on input line 116.


[9]

[10]
Chapter 5.


[11

]

[12]
Chapter 6.


[13

]

[14]
Chapter 7.


[15

]
Chapter 8.


[16

]

[17]
Chapter 9.


[18

]
Chapter 10.
)

[19

] (references.tex

[20


]

[21

]

[22])

[23] (body_only.aux)
 ***********
LaTeX2e <2024-11-01> patch level 2
L3 programming layer <2025-01-18>
 ***********
Package rerunfilecheck Info: File `body_only.out' has not changed.
(rerunfilecheck)             Checksum: 29C8CBD9642E07983B5F02D1B1A3DB9E;5300.
 ) 
Here is how much of TeX's memory you used:
 8792 strings out of 408640
 133553 string characters out of 5749145
 552408 words of memory out of 5000000
 31766 multiletter control sequences out of 15000+600000
 603370 words of font info for 60 fonts, out of 8000000 for 9000
 1348 hyphenation exceptions out of 8191
 72i,6n,79p,1063b,511s stack positions out of 10000i,1000n,20000p,200000b,200000s

Output written on body_only.pdf (23 pages).
